15:51:14  [main] 	Initializing Control Panel
15:51:14  [main] 	Windows Version:  Home  64-bit
15:51:14  [main] 	XAMPP Version: 8.0.30
15:51:14  [main] 	Control Panel Version: 3.3.0  [ Compiled: Apr 6th 2021 ]
15:51:14  [main] 	Running with Administrator rights - good!
15:51:14  [main] 	XAMPP Installation Directory: "c:\xampp\"
15:51:14  [main] 	Checking for prerequisites
15:51:14  [main] 	All prerequisites found
15:51:14  [main] 	Initializing Modules
15:51:14  [Apache] 	XAMPP Apache is already running on port 80
15:51:14  [Apache] 	XAMPP Apache is already running on port 443
15:51:14  [mysql] 	Problem detected!
15:51:14  [mysql] 	Port 3306 in use by "Unable to open process"!
15:51:14  [mysql] 	MySQL WILL NOT start without the configured ports free!
15:51:14  [mysql] 	You need to uninstall/disable/reconfigure the blocking application
15:51:14  [mysql] 	or reconfigure MySQL and the Control Panel to listen on a different port
15:51:14  [main] 	Starting Check-Timer
15:51:14  [main] 	Control Panel Ready
15:51:16  [Apache] 	Attempting to stop Apache (PID: 4472)
15:51:16  [Apache] 	Attempting to stop Apache (PID: 18000)
15:51:16  [Apache] 	Status change detected: stopped
15:51:26  [mysql] 	Problem detected!
15:51:26  [mysql] 	Port 3306 in use by "Unable to open process"!
15:51:26  [mysql] 	MySQL WILL NOT start without the configured ports free!
15:51:26  [mysql] 	You need to uninstall/disable/reconfigure the blocking application
15:51:26  [mysql] 	or reconfigure MySQL and the Control Panel to listen on a different port
15:51:26  [mysql] 	Attempting to start MySQL app...
15:51:26  [mysql] 	Status change detected: running
15:51:27  [mysql] 	Status change detected: stopped
15:51:27  [mysql] 	Error: MySQL shutdown unexpectedly.
15:51:27  [mysql] 	This may be due to a blocked port, missing dependencies, 
15:51:27  [mysql] 	improper privileges, a crash, or a shutdown by another method.
15:51:27  [mysql] 	Press the Logs button to view error logs and check
15:51:27  [mysql] 	the Windows Event Viewer for more clues
15:51:27  [mysql] 	If you need more help, copy and post this
15:51:27  [mysql] 	entire log window on the forums
15:52:24  [main] 	Deinitializing Modules
15:52:24  [main] 	Deinitializing Control Panel

15:40:12  [main] 	Initializing Control Panel
15:40:12  [main] 	Windows Version:  Home  64-bit
15:40:12  [main] 	XAMPP Version: 8.0.30
15:40:12  [main] 	Control Panel Version: 3.3.0  [ Compiled: Apr 6th 2021 ]
15:40:12  [main] 	Running with Administrator rights - good!
15:40:12  [main] 	XAMPP Installation Directory: "c:\xampp\"
15:40:12  [main] 	Checking for prerequisites
15:40:12  [main] 	All prerequisites found
15:40:12  [main] 	Initializing Modules
15:40:12  [Apache] 	XAMPP Apache is already running on port 80
15:40:12  [Apache] 	XAMPP Apache is already running on port 443
15:40:12  [mysql] 	Problem detected!
15:40:12  [mysql] 	Port 3306 in use by "Unable to open process"!
15:40:12  [mysql] 	MySQL WILL NOT start without the configured ports free!
15:40:12  [mysql] 	You need to uninstall/disable/reconfigure the blocking application
15:40:12  [mysql] 	or reconfigure MySQL and the Control Panel to listen on a different port
15:40:12  [main] 	Starting Check-Timer
15:40:12  [main] 	Control Panel Ready
15:40:17  [Apache] 	Attempting to stop Apache (PID: 5616)
15:40:17  [Apache] 	Attempting to stop Apache (PID: 3424)
15:40:18  [Apache] 	Status change detected: stopped
15:40:19  [Apache] 	Attempting to start Apache app...
15:40:20  [Apache] 	Status change detected: running
15:40:30  [mysql] 	Problem detected!
15:40:30  [mysql] 	Port 3306 in use by "Unable to open process"!
15:40:30  [mysql] 	MySQL WILL NOT start without the configured ports free!
15:40:30  [mysql] 	You need to uninstall/disable/reconfigure the blocking application
15:40:30  [mysql] 	or reconfigure MySQL and the Control Panel to listen on a different port
15:40:30  [mysql] 	Attempting to start MySQL app...
15:40:30  [mysql] 	Status change detected: running
15:40:32  [mysql] 	Status change detected: stopped
15:40:32  [mysql] 	Error: MySQL shutdown unexpectedly.
15:40:32  [mysql] 	This may be due to a blocked port, missing dependencies, 
15:40:32  [mysql] 	improper privileges, a crash, or a shutdown by another method.
15:40:32  [mysql] 	Press the Logs button to view error logs and check
15:40:32  [mysql] 	the Windows Event Viewer for more clues
15:40:32  [mysql] 	If you need more help, copy and post this
15:40:32  [mysql] 	entire log window on the forums
15:43:01  [Apache] 	Status change detected: stopped
15:43:01  [Apache] 	Error: Apache shutdown unexpectedly.
15:43:01  [Apache] 	This may be due to a blocked port, missing dependencies, 
15:43:01  [Apache] 	improper privileges, a crash, or a shutdown by another method.
15:43:01  [Apache] 	Press the Logs button to view error logs and check
15:43:01  [Apache] 	the Windows Event Viewer for more clues
15:43:01  [Apache] 	If you need more help, copy and post this
15:43:01  [Apache] 	entire log window on the forums
15:43:05  [Apache] 	Status change detected: running
15:43:07  [mysql] 	Status change detected: running
15:43:09  [mysql] 	Status change detected: stopped
15:43:09  [mysql] 	Error: MySQL shutdown unexpectedly.
15:43:09  [mysql] 	This may be due to a blocked port, missing dependencies, 
15:43:09  [mysql] 	improper privileges, a crash, or a shutdown by another method.
15:43:09  [mysql] 	Press the Logs button to view error logs and check
15:43:09  [mysql] 	the Windows Event Viewer for more clues
15:43:09  [mysql] 	If you need more help, copy and post this
15:43:09  [mysql] 	entire log window on the forums
15:51:16  [Apache] 	Status change detected: stopped
15:51:16  [Apache] 	Error: Apache shutdown unexpectedly.
15:51:16  [Apache] 	This may be due to a blocked port, missing dependencies, 
15:51:16  [Apache] 	improper privileges, a crash, or a shutdown by another method.
15:51:16  [Apache] 	Press the Logs button to view error logs and check
15:51:16  [Apache] 	the Windows Event Viewer for more clues
15:51:16  [Apache] 	If you need more help, copy and post this
15:51:16  [Apache] 	entire log window on the forums
15:51:26  [mysql] 	Status change detected: running
15:51:28  [mysql] 	Status change detected: stopped
15:51:28  [mysql] 	Error: MySQL shutdown unexpectedly.
15:51:28  [mysql] 	This may be due to a blocked port, missing dependencies, 
15:51:28  [mysql] 	improper privileges, a crash, or a shutdown by another method.
15:51:28  [mysql] 	Press the Logs button to view error logs and check
15:51:28  [mysql] 	the Windows Event Viewer for more clues
15:51:28  [mysql] 	If you need more help, copy and post this
15:51:28  [mysql] 	entire log window on the forums
15:58:47  [Apache] 	Status change detected: running
15:58:49  [mysql] 	Status change detected: running
15:58:50  [mysql] 	Status change detected: stopped
15:58:50  [mysql] 	Error: MySQL shutdown unexpectedly.
15:58:50  [mysql] 	This may be due to a blocked port, missing dependencies, 
15:58:50  [mysql] 	improper privileges, a crash, or a shutdown by another method.
15:58:50  [mysql] 	Press the Logs button to view error logs and check
15:58:50  [mysql] 	the Windows Event Viewer for more clues
15:58:50  [mysql] 	If you need more help, copy and post this
15:58:50  [mysql] 	entire log window on the forums
15:59:52  [Apache] 	Status change detected: stopped
15:59:52  [Apache] 	Error: Apache shutdown unexpectedly.
15:59:52  [Apache] 	This may be due to a blocked port, missing dependencies, 
15:59:52  [Apache] 	improper privileges, a crash, or a shutdown by another method.
15:59:52  [Apache] 	Press the Logs button to view error logs and check
15:59:52  [Apache] 	the Windows Event Viewer for more clues
15:59:52  [Apache] 	If you need more help, copy and post this
15:59:52  [Apache] 	entire log window on the forums
16:00:15  [main] 	Deinitializing Modules
16:00:15  [main] 	Deinitializing Control Panel

02:03:18  [main] 	Initializing Control Panel
02:03:18  [main] 	Windows Version:  Home  64-bit
02:03:18  [main] 	XAMPP Version: 8.0.30
02:03:18  [main] 	Control Panel Version: 3.3.0  [ Compiled: Apr 6th 2021 ]
02:03:18  [main] 	Running with Administrator rights - good!
02:03:18  [main] 	XAMPP Installation Directory: "c:\xampp\"
02:03:18  [main] 	Checking for prerequisites
02:03:18  [main] 	All prerequisites found
02:03:18  [main] 	Initializing Modules
02:03:18  [main] 	Starting Check-Timer
02:03:18  [main] 	Control Panel Ready
02:03:21  [Apache] 	Attempting to start Apache app...
02:03:22  [Apache] 	Status change detected: running
02:03:24  [mysql] 	Attempting to start MySQL app...
02:03:24  [mysql] 	Status change detected: running
04:01:09  [Apache] 	Attempting to stop Apache (PID: 11340)
04:01:09  [Apache] 	Attempting to stop Apache (PID: 11608)
04:01:09  [Apache] 	Status change detected: stopped
04:01:09  [mysql] 	Attempting to stop MySQL app...
04:01:10  [mysql] 	Status change detected: stopped
04:01:12  [Apache] 	Attempting to start Apache app...
04:01:12  [Apache] 	Status change detected: running
04:01:13  [mysql] 	Attempting to start MySQL app...
04:01:14  [mysql] 	Status change detected: running
04:17:13  [mysql] 	Status change detected: stopped
04:17:13  [mysql] 	Error: MySQL shutdown unexpectedly.
04:17:13  [mysql] 	This may be due to a blocked port, missing dependencies, 
04:17:13  [mysql] 	improper privileges, a crash, or a shutdown by another method.
04:17:13  [mysql] 	Press the Logs button to view error logs and check
04:17:13  [mysql] 	the Windows Event Viewer for more clues
04:17:13  [mysql] 	If you need more help, copy and post this
04:17:13  [mysql] 	entire log window on the forums
04:17:36  [mysql] 	Attempting to start MySQL app...
04:17:36  [mysql] 	Status change detected: running
06:01:44  [main] 	Deinitializing Modules
06:01:44  [main] 	Deinitializing Control Panel

06:03:41  [main] 	Initializing Control Panel
06:03:41  [main] 	Windows Version:  Home  64-bit
06:03:41  [main] 	XAMPP Version: 8.0.30
06:03:41  [main] 	Control Panel Version: 3.3.0  [ Compiled: Apr 6th 2021 ]
06:03:41  [main] 	Running with Administrator rights - good!
06:03:41  [main] 	XAMPP Installation Directory: "c:\xampp\"
06:03:41  [main] 	Checking for prerequisites
06:03:42  [main] 	All prerequisites found
06:03:42  [main] 	Initializing Modules
06:03:42  [main] 	Starting Check-Timer
06:03:42  [main] 	Control Panel Ready
06:03:44  [Apache] 	Attempting to start Apache app...
06:03:45  [Apache] 	Status change detected: running
06:03:45  [mysql] 	Attempting to start MySQL app...
06:03:46  [mysql] 	Status change detected: running
06:04:09  [mysql] 	Status change detected: stopped
06:04:09  [mysql] 	Error: MySQL shutdown unexpectedly.
06:04:09  [mysql] 	This may be due to a blocked port, missing dependencies, 
06:04:09  [mysql] 	improper privileges, a crash, or a shutdown by another method.
06:04:09  [mysql] 	Press the Logs button to view error logs and check
06:04:09  [mysql] 	the Windows Event Viewer for more clues
06:04:09  [mysql] 	If you need more help, copy and post this
06:04:09  [mysql] 	entire log window on the forums
06:04:24  [mysql] 	Attempting to start MySQL app...
06:04:24  [mysql] 	Status change detected: running
06:23:33  [main] 	Deinitializing Modules
06:23:33  [main] 	Deinitializing Control Panel

06:39:59  [main] 	Initializing Control Panel
06:39:59  [main] 	Windows Version:  Home  64-bit
06:39:59  [main] 	XAMPP Version: 8.0.30
06:39:59  [main] 	Control Panel Version: 3.3.0  [ Compiled: Apr 6th 2021 ]
06:39:59  [main] 	Running with Administrator rights - good!
06:39:59  [main] 	XAMPP Installation Directory: "c:\xampp\"
06:39:59  [main] 	Checking for prerequisites
06:39:59  [main] 	All prerequisites found
06:39:59  [main] 	Initializing Modules
06:39:59  [main] 	Starting Check-Timer
06:39:59  [main] 	Control Panel Ready
06:40:10  [Apache] 	Attempting to start Apache app...
06:40:11  [Apache] 	Status change detected: running
06:40:14  [mysql] 	Attempting to start MySQL app...
06:40:14  [mysql] 	Status change detected: running
07:28:54  [mysql] 	Attempting to stop MySQL app...
07:28:54  [mysql] 	Status change detected: stopped
07:28:58  [Apache] 	Attempting to stop Apache (PID: 4064)
07:28:58  [Apache] 	Attempting to stop Apache (PID: 11256)
07:28:58  [Apache] 	Status change detected: stopped
08:07:34  [Apache] 	Attempting to start Apache app...
08:07:35  [Apache] 	Status change detected: running
08:07:37  [mysql] 	Attempting to start MySQL app...
08:07:37  [mysql] 	Status change detected: running
08:20:26  [filezilla] 	Attempting to start FileZilla app...
08:20:26  [filezilla] 	Status change detected: running
08:20:29  [filezilla] 	Attempting to stop FileZilla app...
08:20:29  [filezilla] 	Status change detected: stopped
08:20:31  [mysql] 	Attempting to stop MySQL app...
08:20:31  [mysql] 	Status change detected: stopped
08:20:31  [Apache] 	Attempting to stop Apache (PID: 15348)
08:20:31  [Apache] 	Attempting to stop Apache (PID: 17572)
08:20:31  [Apache] 	Status change detected: stopped
08:20:33  [Apache] 	Attempting to start Apache app...
08:20:33  [Apache] 	Status change detected: running
08:20:33  [mysql] 	Attempting to start MySQL app...
08:20:34  [mysql] 	Status change detected: running
11:51:16  [mysql] 	Attempting to stop MySQL app...
11:51:16  [mysql] 	Status change detected: stopped
11:51:17  [Apache] 	Attempting to stop Apache (PID: 4008)
11:51:17  [Apache] 	Attempting to stop Apache (PID: 18064)
11:51:17  [Apache] 	Status change detected: stopped
11:51:21  [Apache] 	Attempting to start Apache app...
11:51:22  [Apache] 	Status change detected: running
11:51:23  [mysql] 	Attempting to start MySQL app...
11:51:23  [mysql] 	Status change detected: running
12:29:28  [mysql] 	Attempting to stop MySQL app...
12:29:29  [mysql] 	Status change detected: stopped
12:29:31  [Apache] 	Attempting to stop Apache (PID: 7028)
12:29:31  [Apache] 	Attempting to stop Apache (PID: 14908)
12:29:31  [Apache] 	Status change detected: stopped
12:29:48  [main] 	Deinitializing Modules
12:29:48  [main] 	Deinitializing Control Panel

